<?xml version="1.0" encoding="UTF-8"?>
<!-- Generated by org.testng.reporters.JUnitReportReporter -->
<testsuite hostname="AHAMEDSABID" failures="0" tests="2" name="TestRunner.ParallelRun" time="15.364" errors="0" timestamp="2022-09-30T15:46:20 IST" skipped="0">
  <testcase classname="TestRunner.ParallelRun" name="runScenario" time="7.654"/>
  <system-out/>
  <testcase classname="TestRunner.ParallelRun" name="runScenario" time="7.710"/>
  <system-out/>
</testsuite> <!-- TestRunner.ParallelRun -->
