<?xml version="1.0" encoding="UTF-8"?>
<!-- Generated by org.testng.reporters.JUnitReportReporter -->
<testsuite hostname="AHAMEDSABID" failures="0" tests="2" name="TestRunner.ParallelRun" time="14.924" errors="0" timestamp="2022-09-30T16:18:20 IST" skipped="0">
  <testcase classname="TestRunner.ParallelRun" name="runScenario" time="7.543"/>
  <system-out/>
  <testcase classname="TestRunner.ParallelRun" name="runScenario" time="7.381"/>
  <system-out/>
</testsuite> <!-- TestRunner.ParallelRun -->
